================================================================================
tmp0
================================================================================
tmp1
================================================================================
tmp2
uninitialized constant Library::Identifier
["/home/red/ruby_project/rubybursa/homework4/homework4/tmp2/sandbox2/library/published_book.rb:2:in `<class:PublishedBook>'", "/home/red/ruby_project/rubybursa/homework4/homework4/tmp2/sandbox2/library/published_book.rb:1:in `<top (required)>'", "/home/red/ruby_project/rubybursa/homework4/homework4/tmp2/sandbox2/library/library.rb:12:in `require_relative'", "/home/red/ruby_project/rubybursa/homework4/homework4/tmp2/sandbox2/library/library.rb:12:in `<top (required)>'", "/home/red/ruby_project/rubybursa/homework4/homework4/Rakefile:52:in `require'", "/home/red/ruby_project/rubybursa/homework4/homework4/Rakefile:52:in `block (2 levels) in <top (required)>'", "/home/red/ruby_project/rubybursa/homework4/homework4/Rakefile:45:in `each'", "/home/red/ruby_project/rubybursa/homework4/homework4/Rakefile:45:in `block in <top (required)>'", "/home/red/.rvm/gems/ruby-2.1.5@homework/gems/rake-10.4.2/lib/rake/task.rb:240:in `call'", "/home/red/.rvm/gems/ruby-2.1.5@homework/gems/rake-10.4.2/lib/rake/task.rb:240:in `block in execute'", "/home/red/.rvm/gems/ruby-2.1.5@homework/gems/rake-10.4.2/lib/rake/task.rb:235:in `each'", "/home/red/.rvm/gems/ruby-2.1.5@homework/gems/rake-10.4.2/lib/rake/task.rb:235:in `execute'", "/home/red/.rvm/gems/ruby-2.1.5@homework/gems/rake-10.4.2/lib/rake/task.rb:179:in `block in invoke_with_call_chain'", "/home/red/.rvm/rubies/ruby-2.1.5/lib/ruby/2.1.0/monitor.rb:211:in `mon_synchronize'", "/home/red/.rvm/gems/ruby-2.1.5@homework/gems/rake-10.4.2/lib/rake/task.rb:172:in `invoke_with_call_chain'", "/home/red/.rvm/gems/ruby-2.1.5@homework/gems/rake-10.4.2/lib/rake/task.rb:165:in `invoke'", "/home/red/.rvm/gems/ruby-2.1.5@homework/gems/rake-10.4.2/lib/rake/application.rb:150:in `invoke_task'", "/home/red/.rvm/gems/ruby-2.1.5@homework/gems/rake-10.4.2/lib/rake/application.rb:106:in `block (2 levels) in top_level'", "/home/red/.rvm/gems/ruby-2.1.5@homework/gems/rake-10.4.2/lib/rake/application.rb:106:in `each'", "/home/red/.rvm/gems/ruby-2.1.5@homework/gems/rake-10.4.2/lib/rake/application.rb:106:in `block in top_level'", "/home/red/.rvm/gems/ruby-2.1.5@homework/gems/rake-10.4.2/lib/rake/application.rb:115:in `run_with_threads'", "/home/red/.rvm/gems/ruby-2.1.5@homework/gems/rake-10.4.2/lib/rake/application.rb:100:in `top_level'", "/home/red/.rvm/gems/ruby-2.1.5@homework/gems/rake-10.4.2/lib/rake/application.rb:78:in `block in run'", "/home/red/.rvm/gems/ruby-2.1.5@homework/gems/rake-10.4.2/lib/rake/application.rb:176:in `standard_exception_handling'", "/home/red/.rvm/gems/ruby-2.1.5@homework/gems/rake-10.4.2/lib/rake/application.rb:75:in `run'", "/home/red/.rvm/gems/ruby-2.1.5@homework/gems/rake-10.4.2/bin/rake:33:in `<top (required)>'", "/home/red/.rvm/gems/ruby-2.1.5@homework/bin/rake:23:in `load'", "/home/red/.rvm/gems/ruby-2.1.5@homework/bin/rake:23:in `<main>'", "/home/red/.rvm/gems/ruby-2.1.5@homework/bin/ruby_executable_hooks:15:in `eval'", "/home/red/.rvm/gems/ruby-2.1.5@homework/bin/ruby_executable_hooks:15:in `<main>'"]
================================================================================
tmp4
================================================================================
tmp5
uninitialized constant Library::Identifier
["/home/red/ruby_project/rubybursa/homework4/homework4/tmp5/sandbox5/ruby_bursa_task_4/library/published_book.rb:4:in `<class:PublishedBook>'", "/home/red/ruby_project/rubybursa/homework4/homework4/tmp5/sandbox5/ruby_bursa_task_4/library/published_book.rb:1:in `<top (required)>'", "/home/red/ruby_project/rubybursa/homework4/homework4/tmp5/sandbox5/ruby_bursa_task_4/library/library.rb:11:in `require_relative'", "/home/red/ruby_project/rubybursa/homework4/homework4/tmp5/sandbox5/ruby_bursa_task_4/library/library.rb:11:in `<top (required)>'", "/home/red/ruby_project/rubybursa/homework4/homework4/Rakefile:57:in `require'", "/home/red/ruby_project/rubybursa/homework4/homework4/Rakefile:57:in `block (2 levels) in <top (required)>'", "/home/red/ruby_project/rubybursa/homework4/homework4/Rakefile:45:in `each'", "/home/red/ruby_project/rubybursa/homework4/homework4/Rakefile:45:in `block in <top (required)>'", "/home/red/.rvm/gems/ruby-2.1.5@homework/gems/rake-10.4.2/lib/rake/task.rb:240:in `call'", "/home/red/.rvm/gems/ruby-2.1.5@homework/gems/rake-10.4.2/lib/rake/task.rb:240:in `block in execute'", "/home/red/.rvm/gems/ruby-2.1.5@homework/gems/rake-10.4.2/lib/rake/task.rb:235:in `each'", "/home/red/.rvm/gems/ruby-2.1.5@homework/gems/rake-10.4.2/lib/rake/task.rb:235:in `execute'", "/home/red/.rvm/gems/ruby-2.1.5@homework/gems/rake-10.4.2/lib/rake/task.rb:179:in `block in invoke_with_call_chain'", "/home/red/.rvm/rubies/ruby-2.1.5/lib/ruby/2.1.0/monitor.rb:211:in `mon_synchronize'", "/home/red/.rvm/gems/ruby-2.1.5@homework/gems/rake-10.4.2/lib/rake/task.rb:172:in `invoke_with_call_chain'", "/home/red/.rvm/gems/ruby-2.1.5@homework/gems/rake-10.4.2/lib/rake/task.rb:165:in `invoke'", "/home/red/.rvm/gems/ruby-2.1.5@homework/gems/rake-10.4.2/lib/rake/application.rb:150:in `invoke_task'", "/home/red/.rvm/gems/ruby-2.1.5@homework/gems/rake-10.4.2/lib/rake/application.rb:106:in `block (2 levels) in top_level'", "/home/red/.rvm/gems/ruby-2.1.5@homework/gems/rake-10.4.2/lib/rake/application.rb:106:in `each'", "/home/red/.rvm/gems/ruby-2.1.5@homework/gems/rake-10.4.2/lib/rake/application.rb:106:in `block in top_level'", "/home/red/.rvm/gems/ruby-2.1.5@homework/gems/rake-10.4.2/lib/rake/application.rb:115:in `run_with_threads'", "/home/red/.rvm/gems/ruby-2.1.5@homework/gems/rake-10.4.2/lib/rake/application.rb:100:in `top_level'", "/home/red/.rvm/gems/ruby-2.1.5@homework/gems/rake-10.4.2/lib/rake/application.rb:78:in `block in run'", "/home/red/.rvm/gems/ruby-2.1.5@homework/gems/rake-10.4.2/lib/rake/application.rb:176:in `standard_exception_handling'", "/home/red/.rvm/gems/ruby-2.1.5@homework/gems/rake-10.4.2/lib/rake/application.rb:75:in `run'", "/home/red/.rvm/gems/ruby-2.1.5@homework/gems/rake-10.4.2/bin/rake:33:in `<top (required)>'", "/home/red/.rvm/gems/ruby-2.1.5@homework/bin/rake:23:in `load'", "/home/red/.rvm/gems/ruby-2.1.5@homework/bin/rake:23:in `<main>'", "/home/red/.rvm/gems/ruby-2.1.5@homework/bin/ruby_executable_hooks:15:in `eval'", "/home/red/.rvm/gems/ruby-2.1.5@homework/bin/ruby_executable_hooks:15:in `<main>'"]
================================================================================
tmp6
================================================================================
tmp7
================================================================================
tmp8
undefined method `add_comment' for #<Library::PublishedBook:0x00000003e54d60>
["/home/red/ruby_project/rubybursa/homework4/homework4/Rakefile:75:in `block (2 levels) in <top (required)>'", "/home/red/ruby_project/rubybursa/homework4/homework4/Rakefile:45:in `each'", "/home/red/ruby_project/rubybursa/homework4/homework4/Rakefile:45:in `block in <top (required)>'", "/home/red/.rvm/gems/ruby-2.1.5@homework/gems/rake-10.4.2/lib/rake/task.rb:240:in `call'", "/home/red/.rvm/gems/ruby-2.1.5@homework/gems/rake-10.4.2/lib/rake/task.rb:240:in `block in execute'", "/home/red/.rvm/gems/ruby-2.1.5@homework/gems/rake-10.4.2/lib/rake/task.rb:235:in `each'", "/home/red/.rvm/gems/ruby-2.1.5@homework/gems/rake-10.4.2/lib/rake/task.rb:235:in `execute'", "/home/red/.rvm/gems/ruby-2.1.5@homework/gems/rake-10.4.2/lib/rake/task.rb:179:in `block in invoke_with_call_chain'", "/home/red/.rvm/rubies/ruby-2.1.5/lib/ruby/2.1.0/monitor.rb:211:in `mon_synchronize'", "/home/red/.rvm/gems/ruby-2.1.5@homework/gems/rake-10.4.2/lib/rake/task.rb:172:in `invoke_with_call_chain'", "/home/red/.rvm/gems/ruby-2.1.5@homework/gems/rake-10.4.2/lib/rake/task.rb:165:in `invoke'", "/home/red/.rvm/gems/ruby-2.1.5@homework/gems/rake-10.4.2/lib/rake/application.rb:150:in `invoke_task'", "/home/red/.rvm/gems/ruby-2.1.5@homework/gems/rake-10.4.2/lib/rake/application.rb:106:in `block (2 levels) in top_level'", "/home/red/.rvm/gems/ruby-2.1.5@homework/gems/rake-10.4.2/lib/rake/application.rb:106:in `each'", "/home/red/.rvm/gems/ruby-2.1.5@homework/gems/rake-10.4.2/lib/rake/application.rb:106:in `block in top_level'", "/home/red/.rvm/gems/ruby-2.1.5@homework/gems/rake-10.4.2/lib/rake/application.rb:115:in `run_with_threads'", "/home/red/.rvm/gems/ruby-2.1.5@homework/gems/rake-10.4.2/lib/rake/application.rb:100:in `top_level'", "/home/red/.rvm/gems/ruby-2.1.5@homework/gems/rake-10.4.2/lib/rake/application.rb:78:in `block in run'", "/home/red/.rvm/gems/ruby-2.1.5@homework/gems/rake-10.4.2/lib/rake/application.rb:176:in `standard_exception_handling'", "/home/red/.rvm/gems/ruby-2.1.5@homework/gems/rake-10.4.2/lib/rake/application.rb:75:in `run'", "/home/red/.rvm/gems/ruby-2.1.5@homework/gems/rake-10.4.2/bin/rake:33:in `<top (required)>'", "/home/red/.rvm/gems/ruby-2.1.5@homework/bin/rake:23:in `load'", "/home/red/.rvm/gems/ruby-2.1.5@homework/bin/rake:23:in `<main>'", "/home/red/.rvm/gems/ruby-2.1.5@homework/bin/ruby_executable_hooks:15:in `eval'", "/home/red/.rvm/gems/ruby-2.1.5@homework/bin/ruby_executable_hooks:15:in `<main>'"]
================================================================================
tmp9
================================================================================
tmp10
================================================================================
tmp11
================================================================================
tmp12
================================================================================
tmp13
uninitialized constant Library::Identifier
["/home/red/ruby_project/rubybursa/homework4/homework4/tmp13/sandbox13/ruby_bursa_task_4/library/published_book.rb:2:in `<class:PublishedBook>'", "/home/red/ruby_project/rubybursa/homework4/homework4/tmp13/sandbox13/ruby_bursa_task_4/library/published_book.rb:1:in `<top (required)>'", "/home/red/ruby_project/rubybursa/homework4/homework4/tmp13/sandbox13/ruby_bursa_task_4/library/library.rb:12:in `require_relative'", "/home/red/ruby_project/rubybursa/homework4/homework4/tmp13/sandbox13/ruby_bursa_task_4/library/library.rb:12:in `<top (required)>'", "/home/red/ruby_project/rubybursa/homework4/homework4/Rakefile:57:in `require'", "/home/red/ruby_project/rubybursa/homework4/homework4/Rakefile:57:in `block (2 levels) in <top (required)>'", "/home/red/ruby_project/rubybursa/homework4/homework4/Rakefile:45:in `each'", "/home/red/ruby_project/rubybursa/homework4/homework4/Rakefile:45:in `block in <top (required)>'", "/home/red/.rvm/gems/ruby-2.1.5@homework/gems/rake-10.4.2/lib/rake/task.rb:240:in `call'", "/home/red/.rvm/gems/ruby-2.1.5@homework/gems/rake-10.4.2/lib/rake/task.rb:240:in `block in execute'", "/home/red/.rvm/gems/ruby-2.1.5@homework/gems/rake-10.4.2/lib/rake/task.rb:235:in `each'", "/home/red/.rvm/gems/ruby-2.1.5@homework/gems/rake-10.4.2/lib/rake/task.rb:235:in `execute'", "/home/red/.rvm/gems/ruby-2.1.5@homework/gems/rake-10.4.2/lib/rake/task.rb:179:in `block in invoke_with_call_chain'", "/home/red/.rvm/rubies/ruby-2.1.5/lib/ruby/2.1.0/monitor.rb:211:in `mon_synchronize'", "/home/red/.rvm/gems/ruby-2.1.5@homework/gems/rake-10.4.2/lib/rake/task.rb:172:in `invoke_with_call_chain'", "/home/red/.rvm/gems/ruby-2.1.5@homework/gems/rake-10.4.2/lib/rake/task.rb:165:in `invoke'", "/home/red/.rvm/gems/ruby-2.1.5@homework/gems/rake-10.4.2/lib/rake/application.rb:150:in `invoke_task'", "/home/red/.rvm/gems/ruby-2.1.5@homework/gems/rake-10.4.2/lib/rake/application.rb:106:in `block (2 levels) in top_level'", "/home/red/.rvm/gems/ruby-2.1.5@homework/gems/rake-10.4.2/lib/rake/application.rb:106:in `each'", "/home/red/.rvm/gems/ruby-2.1.5@homework/gems/rake-10.4.2/lib/rake/application.rb:106:in `block in top_level'", "/home/red/.rvm/gems/ruby-2.1.5@homework/gems/rake-10.4.2/lib/rake/application.rb:115:in `run_with_threads'", "/home/red/.rvm/gems/ruby-2.1.5@homework/gems/rake-10.4.2/lib/rake/application.rb:100:in `top_level'", "/home/red/.rvm/gems/ruby-2.1.5@homework/gems/rake-10.4.2/lib/rake/application.rb:78:in `block in run'", "/home/red/.rvm/gems/ruby-2.1.5@homework/gems/rake-10.4.2/lib/rake/application.rb:176:in `standard_exception_handling'", "/home/red/.rvm/gems/ruby-2.1.5@homework/gems/rake-10.4.2/lib/rake/application.rb:75:in `run'", "/home/red/.rvm/gems/ruby-2.1.5@homework/gems/rake-10.4.2/bin/rake:33:in `<top (required)>'", "/home/red/.rvm/gems/ruby-2.1.5@homework/bin/rake:23:in `load'", "/home/red/.rvm/gems/ruby-2.1.5@homework/bin/rake:23:in `<main>'", "/home/red/.rvm/gems/ruby-2.1.5@homework/bin/ruby_executable_hooks:15:in `eval'", "/home/red/.rvm/gems/ruby-2.1.5@homework/bin/ruby_executable_hooks:15:in `<main>'"]
================================================================================
tmp14
================================================================================
tmp15
================================================================================
tmp16
uninitialized constant Library::Identifier
["/home/red/ruby_project/rubybursa/homework4/homework4/tmp16/sandbox16/library/author.rb:4:in `<class:Author>'", "/home/red/ruby_project/rubybursa/homework4/homework4/tmp16/sandbox16/library/author.rb:1:in `<top (required)>'", "/home/red/ruby_project/rubybursa/homework4/homework4/tmp16/sandbox16/library/library.rb:11:in `require_relative'", "/home/red/ruby_project/rubybursa/homework4/homework4/tmp16/sandbox16/library/library.rb:11:in `<top (required)>'", "/home/red/ruby_project/rubybursa/homework4/homework4/Rakefile:52:in `require'", "/home/red/ruby_project/rubybursa/homework4/homework4/Rakefile:52:in `block (2 levels) in <top (required)>'", "/home/red/ruby_project/rubybursa/homework4/homework4/Rakefile:45:in `each'", "/home/red/ruby_project/rubybursa/homework4/homework4/Rakefile:45:in `block in <top (required)>'", "/home/red/.rvm/gems/ruby-2.1.5@homework/gems/rake-10.4.2/lib/rake/task.rb:240:in `call'", "/home/red/.rvm/gems/ruby-2.1.5@homework/gems/rake-10.4.2/lib/rake/task.rb:240:in `block in execute'", "/home/red/.rvm/gems/ruby-2.1.5@homework/gems/rake-10.4.2/lib/rake/task.rb:235:in `each'", "/home/red/.rvm/gems/ruby-2.1.5@homework/gems/rake-10.4.2/lib/rake/task.rb:235:in `execute'", "/home/red/.rvm/gems/ruby-2.1.5@homework/gems/rake-10.4.2/lib/rake/task.rb:179:in `block in invoke_with_call_chain'", "/home/red/.rvm/rubies/ruby-2.1.5/lib/ruby/2.1.0/monitor.rb:211:in `mon_synchronize'", "/home/red/.rvm/gems/ruby-2.1.5@homework/gems/rake-10.4.2/lib/rake/task.rb:172:in `invoke_with_call_chain'", "/home/red/.rvm/gems/ruby-2.1.5@homework/gems/rake-10.4.2/lib/rake/task.rb:165:in `invoke'", "/home/red/.rvm/gems/ruby-2.1.5@homework/gems/rake-10.4.2/lib/rake/application.rb:150:in `invoke_task'", "/home/red/.rvm/gems/ruby-2.1.5@homework/gems/rake-10.4.2/lib/rake/application.rb:106:in `block (2 levels) in top_level'", "/home/red/.rvm/gems/ruby-2.1.5@homework/gems/rake-10.4.2/lib/rake/application.rb:106:in `each'", "/home/red/.rvm/gems/ruby-2.1.5@homework/gems/rake-10.4.2/lib/rake/application.rb:106:in `block in top_level'", "/home/red/.rvm/gems/ruby-2.1.5@homework/gems/rake-10.4.2/lib/rake/application.rb:115:in `run_with_threads'", "/home/red/.rvm/gems/ruby-2.1.5@homework/gems/rake-10.4.2/lib/rake/application.rb:100:in `top_level'", "/home/red/.rvm/gems/ruby-2.1.5@homework/gems/rake-10.4.2/lib/rake/application.rb:78:in `block in run'", "/home/red/.rvm/gems/ruby-2.1.5@homework/gems/rake-10.4.2/lib/rake/application.rb:176:in `standard_exception_handling'", "/home/red/.rvm/gems/ruby-2.1.5@homework/gems/rake-10.4.2/lib/rake/application.rb:75:in `run'", "/home/red/.rvm/gems/ruby-2.1.5@homework/gems/rake-10.4.2/bin/rake:33:in `<top (required)>'", "/home/red/.rvm/gems/ruby-2.1.5@homework/bin/rake:23:in `load'", "/home/red/.rvm/gems/ruby-2.1.5@homework/bin/rake:23:in `<main>'", "/home/red/.rvm/gems/ruby-2.1.5@homework/bin/ruby_executable_hooks:15:in `eval'", "/home/red/.rvm/gems/ruby-2.1.5@homework/bin/ruby_executable_hooks:15:in `<main>'"]
================================================================================
tmp18
nil is not a symbol or string
["/home/red/ruby_project/rubybursa/homework4/homework4/tmp16/sandbox16/library/identifier.rb:7:in `class_variable_set'", "/home/red/ruby_project/rubybursa/homework4/homework4/tmp16/sandbox16/library/identifier.rb:7:in `included'", "/home/red/ruby_project/rubybursa/homework4/homework4/tmp18/sandbox18/ruby_bursa_task_4/library/published_book.rb:4:in `include'", "/home/red/ruby_project/rubybursa/homework4/homework4/tmp18/sandbox18/ruby_bursa_task_4/library/published_book.rb:4:in `<class:PublishedBook>'", "/home/red/ruby_project/rubybursa/homework4/homework4/tmp18/sandbox18/ruby_bursa_task_4/library/published_book.rb:1:in `<top (required)>'", "/home/red/ruby_project/rubybursa/homework4/homework4/tmp18/sandbox18/ruby_bursa_task_4/library/library.rb:42:in `require_relative'", "/home/red/ruby_project/rubybursa/homework4/homework4/tmp18/sandbox18/ruby_bursa_task_4/library/library.rb:42:in `<top (required)>'", "/home/red/ruby_project/rubybursa/homework4/homework4/Rakefile:57:in `require'", "/home/red/ruby_project/rubybursa/homework4/homework4/Rakefile:57:in `block (2 levels) in <top (required)>'", "/home/red/ruby_project/rubybursa/homework4/homework4/Rakefile:45:in `each'", "/home/red/ruby_project/rubybursa/homework4/homework4/Rakefile:45:in `block in <top (required)>'", "/home/red/.rvm/gems/ruby-2.1.5@homework/gems/rake-10.4.2/lib/rake/task.rb:240:in `call'", "/home/red/.rvm/gems/ruby-2.1.5@homework/gems/rake-10.4.2/lib/rake/task.rb:240:in `block in execute'", "/home/red/.rvm/gems/ruby-2.1.5@homework/gems/rake-10.4.2/lib/rake/task.rb:235:in `each'", "/home/red/.rvm/gems/ruby-2.1.5@homework/gems/rake-10.4.2/lib/rake/task.rb:235:in `execute'", "/home/red/.rvm/gems/ruby-2.1.5@homework/gems/rake-10.4.2/lib/rake/task.rb:179:in `block in invoke_with_call_chain'", "/home/red/.rvm/rubies/ruby-2.1.5/lib/ruby/2.1.0/monitor.rb:211:in `mon_synchronize'", "/home/red/.rvm/gems/ruby-2.1.5@homework/gems/rake-10.4.2/lib/rake/task.rb:172:in `invoke_with_call_chain'", "/home/red/.rvm/gems/ruby-2.1.5@homework/gems/rake-10.4.2/lib/rake/task.rb:165:in `invoke'", "/home/red/.rvm/gems/ruby-2.1.5@homework/gems/rake-10.4.2/lib/rake/application.rb:150:in `invoke_task'", "/home/red/.rvm/gems/ruby-2.1.5@homework/gems/rake-10.4.2/lib/rake/application.rb:106:in `block (2 levels) in top_level'", "/home/red/.rvm/gems/ruby-2.1.5@homework/gems/rake-10.4.2/lib/rake/application.rb:106:in `each'", "/home/red/.rvm/gems/ruby-2.1.5@homework/gems/rake-10.4.2/lib/rake/application.rb:106:in `block in top_level'", "/home/red/.rvm/gems/ruby-2.1.5@homework/gems/rake-10.4.2/lib/rake/application.rb:115:in `run_with_threads'", "/home/red/.rvm/gems/ruby-2.1.5@homework/gems/rake-10.4.2/lib/rake/application.rb:100:in `top_level'", "/home/red/.rvm/gems/ruby-2.1.5@homework/gems/rake-10.4.2/lib/rake/application.rb:78:in `block in run'", "/home/red/.rvm/gems/ruby-2.1.5@homework/gems/rake-10.4.2/lib/rake/application.rb:176:in `standard_exception_handling'", "/home/red/.rvm/gems/ruby-2.1.5@homework/gems/rake-10.4.2/lib/rake/application.rb:75:in `run'", "/home/red/.rvm/gems/ruby-2.1.5@homework/gems/rake-10.4.2/bin/rake:33:in `<top (required)>'", "/home/red/.rvm/gems/ruby-2.1.5@homework/bin/rake:23:in `load'", "/home/red/.rvm/gems/ruby-2.1.5@homework/bin/rake:23:in `<main>'", "/home/red/.rvm/gems/ruby-2.1.5@homework/bin/ruby_executable_hooks:15:in `eval'", "/home/red/.rvm/gems/ruby-2.1.5@homework/bin/ruby_executable_hooks:15:in `<main>'"]
================================================================================
tmp19
================================================================================
tmp20
================================================================================
tmp21
================================================================================
tmp22
================================================================================
tmp23
================================================================================
tmp24
================================================================================
tmp26
================================================================================
tmp27
================================================================================
tmp28
================================================================================
tmp29
================================================================================
tmp30
================================================================================
tmp31
================================================================================
tmp32
================================================================================
tmp33
================================================================================
tmp34
================================================================================
tmp35
================================================================================
tmp36
================================================================================
tmp37
